INFO:root:training on cuda
INFO:root:Epoch 1, Training...
INFO:root:Epoch 1/5, Batch 0, Train Loss: 2.99, Epoch Time: 1.06 s
INFO:root:Epoch 1/5, Batch 10, Train Loss: 1.00, Epoch Time: 6.86 s
INFO:root:Epoch 1/5, Batch 20, Train Loss: 0.92, Epoch Time: 12.69 s
INFO:root:Epoch 1/5, Batch 30, Train Loss: 0.62, Epoch Time: 18.51 s
INFO:root:Epoch 1/5, Batch 40, Train Loss: 0.63, Epoch Time: 24.44 s
INFO:root:Epoch 1/5, Batch 50, Train Loss: 1.01, Epoch Time: 30.35 s
INFO:root:Epoch 1/5, Batch 60, Train Loss: 0.71, Epoch Time: 36.31 s
INFO:root:Epoch 1/5, Batch 70, Train Loss: 0.82, Epoch Time: 42.27 s
INFO:root:Epoch 1/5, Batch 80, Train Loss: 0.98, Epoch Time: 48.19 s
INFO:root:Epoch 1/5, Batch 90, Train Loss: 1.03, Epoch Time: 54.11 s
INFO:root:Epoch 1/5, Batch 100, Train Loss: 0.66, Epoch Time: 60.00 s
INFO:root:Epoch 1/5, Batch 110, Train Loss: 0.51, Epoch Time: 65.99 s
INFO:root:Epoch 1/5, Batch 120, Train Loss: 0.67, Epoch Time: 71.89 s
INFO:root:Epoch 1/5, Batch 130, Train Loss: 0.71, Epoch Time: 77.79 s
INFO:root:Epoch 1/5, Batch 140, Train Loss: 0.73, Epoch Time: 83.77 s
INFO:root:Epoch 1/5, Batch 150, Train Loss: 0.50, Epoch Time: 89.70 s
INFO:root:Epoch 1/5, Batch 160, Train Loss: 0.55, Epoch Time: 95.74 s
INFO:root:Epoch 1/5, Batch 170, Train Loss: 0.58, Epoch Time: 101.65 s
INFO:root:Epoch 1/5, Batch 180, Train Loss: 0.67, Epoch Time: 107.53 s
INFO:root:Epoch 1/5, Batch 190, Train Loss: 1.56, Epoch Time: 113.45 s
INFO:root:Epoch 1/5, Batch 200, Train Loss: 1.19, Epoch Time: 119.46 s
INFO:root:Epoch 1/5, Batch 210, Train Loss: 0.65, Epoch Time: 125.38 s
INFO:root:Epoch 1/5, Batch 220, Train Loss: 0.44, Epoch Time: 131.34 s
INFO:root:Epoch 1/5, Batch 230, Train Loss: 0.96, Epoch Time: 137.21 s
INFO:root:Epoch 1/5, Batch 240, Train Loss: 0.66, Epoch Time: 143.12 s
INFO:root:Epoch 1/5, Batch 250, Train Loss: 0.82, Epoch Time: 149.01 s
INFO:root:Epoch 1/5, Batch 260, Train Loss: 0.56, Epoch Time: 154.87 s
INFO:root:Epoch 1/5, Batch 270, Train Loss: 0.37, Epoch Time: 160.84 s
INFO:root:Epoch 1/5, Batch 280, Train Loss: 0.41, Epoch Time: 166.82 s
INFO:root:Epoch 1/5, Batch 290, Train Loss: 0.64, Epoch Time: 172.81 s
INFO:root:Epoch 1/5, Batch 300, Train Loss: 0.43, Epoch Time: 178.75 s
INFO:root:Epoch 1/5, Batch 310, Train Loss: 1.02, Epoch Time: 184.67 s
INFO:root:Epoch 1/5, Batch 320, Train Loss: 0.48, Epoch Time: 190.65 s
INFO:root:Epoch 1/5, Batch 330, Train Loss: 0.65, Epoch Time: 196.52 s
INFO:root:Epoch 1/5, Batch 340, Train Loss: 0.57, Epoch Time: 202.47 s
INFO:root:Epoch 1/5, Batch 350, Train Loss: 0.47, Epoch Time: 208.34 s
INFO:root:Epoch 1/5, Batch 360, Train Loss: 0.67, Epoch Time: 214.29 s
INFO:root:Epoch 1/5, Batch 370, Train Loss: 0.57, Epoch Time: 220.26 s
INFO:root:Epoch 1/5, Batch 380, Train Loss: 0.69, Epoch Time: 226.26 s
INFO:root:Epoch 1/5, Batch 390, Train Loss: 0.60, Epoch Time: 232.19 s
INFO:root:Epoch 1/5, Batch 400, Train Loss: 0.70, Epoch Time: 238.03 s
INFO:root:Epoch 1/5, Batch 410, Train Loss: 0.59, Epoch Time: 244.00 s
INFO:root:Epoch 1/5, Batch 420, Train Loss: 0.71, Epoch Time: 250.01 s
INFO:root:Epoch 1/5, Batch 430, Train Loss: 0.72, Epoch Time: 256.04 s
INFO:root:Epoch 1/5, Batch 440, Train Loss: 0.50, Epoch Time: 262.04 s
INFO:root:Epoch 1/5, Batch 450, Train Loss: 0.41, Epoch Time: 268.01 s
INFO:root:Epoch 1/5, Batch 460, Train Loss: 0.41, Epoch Time: 273.96 s
INFO:root:Epoch 1/5, Batch 470, Train Loss: 0.53, Epoch Time: 279.94 s
INFO:root:Epoch 1/5, Batch 480, Train Loss: 0.35, Epoch Time: 285.84 s
INFO:root:Epoch 1/5, Batch 490, Train Loss: 0.62, Epoch Time: 291.82 s
INFO:root:Epoch 1/5, Batch 500, Train Loss: 0.45, Epoch Time: 297.73 s
INFO:root:Epoch 1/5, Batch 510, Train Loss: 0.61, Epoch Time: 303.58 s
INFO:root:Epoch 1/5, Batch 520, Train Loss: 0.44, Epoch Time: 309.48 s
INFO:root:Epoch 1/5, Batch 530, Train Loss: 0.41, Epoch Time: 315.41 s
INFO:root:Epoch 1/5, Batch 540, Train Loss: 0.53, Epoch Time: 321.16 s
INFO:root:Epoch 1/5, Batch 550, Train Loss: 0.66, Epoch Time: 327.16 s
INFO:root:Epoch 1/5, Batch 560, Train Loss: 0.45, Epoch Time: 333.17 s
INFO:root:Epoch 1/5, Batch 570, Train Loss: 0.46, Epoch Time: 339.11 s
INFO:root:Epoch 1/5, Batch 580, Train Loss: 0.77, Epoch Time: 344.86 s
INFO:root:Epoch 1/5, Batch 590, Train Loss: 0.49, Epoch Time: 350.96 s
INFO:root:Epoch 1/5, Batch 600, Train Loss: 0.52, Epoch Time: 356.98 s
INFO:root:Epoch 1/5, Batch 610, Train Loss: 0.57, Epoch Time: 362.93 s
INFO:root:Epoch 1/5, Batch 620, Train Loss: 0.68, Epoch Time: 368.87 s
INFO:root:Epoch 1/5, Batch 630, Train Loss: 0.47, Epoch Time: 374.83 s
INFO:root:Epoch 1/5, Batch 640, Train Loss: 0.43, Epoch Time: 380.76 s
INFO:root:Epoch 1/5, Batch 650, Train Loss: 0.58, Epoch Time: 386.70 s
INFO:root:Epoch 1/5, Batch 660, Train Loss: 0.41, Epoch Time: 392.57 s
INFO:root:Epoch 1/5, Batch 670, Train Loss: 0.44, Epoch Time: 398.50 s
INFO:root:Epoch 1/5, Batch 680, Train Loss: 0.63, Epoch Time: 404.46 s
INFO:root:Epoch 1/5, Batch 690, Train Loss: 0.42, Epoch Time: 410.38 s
INFO:root:Epoch 1/5, Batch 700, Train Loss: 0.39, Epoch Time: 416.31 s
INFO:root:Epoch 1/5, Batch 710, Train Loss: 0.52, Epoch Time: 422.34 s
INFO:root:Epoch 1/5, Batch 720, Train Loss: 0.77, Epoch Time: 428.24 s
INFO:root:Epoch 1/5, Batch 730, Train Loss: 0.53, Epoch Time: 434.14 s
INFO:root:Epoch 1/5, Batch 740, Train Loss: 0.39, Epoch Time: 440.00 s
INFO:root:Epoch 1/5, Batch 750, Train Loss: 1.26, Epoch Time: 445.89 s
INFO:root:Epoch 1/5, Batch 760, Train Loss: 0.45, Epoch Time: 451.83 s
INFO:root:Epoch 1/5, Batch 770, Train Loss: 0.43, Epoch Time: 457.78 s
INFO:root:Epoch 1/5, Batch 780, Train Loss: 0.31, Epoch Time: 463.72 s
INFO:root:Epoch 1/5, Batch 790, Train Loss: 0.43, Epoch Time: 469.72 s
INFO:root:Epoch 1/5, Batch 800, Train Loss: 0.38, Epoch Time: 475.74 s
INFO:root:Epoch 1/5, Batch 810, Train Loss: 0.48, Epoch Time: 481.73 s
INFO:root:Epoch 1/5, Batch 820, Train Loss: 0.41, Epoch Time: 487.65 s
INFO:root:Epoch 1/5, Batch 830, Train Loss: 0.41, Epoch Time: 493.55 s
INFO:root:Epoch 1/5, Batch 840, Train Loss: 0.37, Epoch Time: 499.40 s
INFO:root:Epoch 1/5, Batch 850, Train Loss: 0.42, Epoch Time: 505.44 s
INFO:root:Epoch 1/5, Batch 860, Train Loss: 0.53, Epoch Time: 511.27 s
INFO:root:Epoch 1/5, Batch 870, Train Loss: 0.67, Epoch Time: 517.17 s
INFO:root:Epoch 1/5, Batch 880, Train Loss: 0.39, Epoch Time: 523.24 s
INFO:root:Epoch 1/5, Batch 890, Train Loss: 0.50, Epoch Time: 529.14 s
INFO:root:Epoch 1/5, Batch 900, Train Loss: 0.38, Epoch Time: 535.01 s
INFO:root:Epoch 1/5, Batch 910, Train Loss: 0.75, Epoch Time: 540.90 s
INFO:root:Epoch 1/5, Batch 920, Train Loss: 0.81, Epoch Time: 546.66 s
INFO:root:Epoch 1/5, Batch 930, Train Loss: 0.54, Epoch Time: 552.61 s
INFO:root:Epoch 1/5, Batch 940, Train Loss: 0.51, Epoch Time: 558.56 s
INFO:root:Epoch 1/5, Batch 950, Train Loss: 0.50, Epoch Time: 564.50 s
INFO:root:Epoch 1/5, Batch 960, Train Loss: 0.55, Epoch Time: 570.48 s
INFO:root:Epoch 1/5, Batch 970, Train Loss: 0.51, Epoch Time: 576.41 s
INFO:root:Epoch 1/5, Batch 980, Train Loss: 0.65, Epoch Time: 582.32 s
INFO:root:Epoch 1/5, Batch 990, Train Loss: 0.50, Epoch Time: 588.29 s
INFO:root:Epoch 1/5, Batch 1000, Train Loss: 0.42, Epoch Time: 594.28 s
INFO:root:Epoch 1/5, Batch 1010, Train Loss: 0.62, Epoch Time: 600.26 s
INFO:root:Epoch 1/5, Batch 1020, Train Loss: 0.34, Epoch Time: 606.15 s
INFO:root:Epoch 1/5, Batch 1030, Train Loss: 0.52, Epoch Time: 612.13 s
INFO:root:Epoch 1/5, Batch 1040, Train Loss: 0.50, Epoch Time: 618.03 s
INFO:root:Epoch 1/5, Batch 1050, Train Loss: 1.42, Epoch Time: 623.94 s
INFO:root:Epoch 1/5, Batch 1060, Train Loss: 0.60, Epoch Time: 629.89 s
INFO:root:Epoch 1/5, Batch 1070, Train Loss: 0.46, Epoch Time: 635.91 s
INFO:root:Epoch 1/5, Batch 1080, Train Loss: 0.28, Epoch Time: 641.94 s
INFO:root:Epoch 1/5, Batch 1090, Train Loss: 0.58, Epoch Time: 647.79 s
INFO:root:Epoch 1/5, Batch 1100, Train Loss: 0.34, Epoch Time: 653.85 s
INFO:root:Epoch 1/5, Batch 1110, Train Loss: 0.64, Epoch Time: 659.70 s
INFO:root:Epoch 1/5, Batch 1120, Train Loss: 0.34, Epoch Time: 665.57 s
INFO:root:Epoch 1/5, Batch 1130, Train Loss: 0.39, Epoch Time: 671.60 s
INFO:root:Epoch 1/5, Batch 1140, Train Loss: 0.70, Epoch Time: 677.51 s
INFO:root:Epoch 1/5, Batch 1150, Train Loss: 0.47, Epoch Time: 683.30 s
INFO:root:Epoch 1/5, Batch 1160, Train Loss: 0.72, Epoch Time: 689.16 s
INFO:root:Epoch 1/5, Batch 1170, Train Loss: 0.38, Epoch Time: 695.06 s
INFO:root:Epoch 1/5, Batch 1180, Train Loss: 0.79, Epoch Time: 701.04 s
INFO:root:Epoch 1/5, Batch 1190, Train Loss: 0.36, Epoch Time: 706.94 s
INFO:root:Epoch 1/5, Batch 1200, Train Loss: 0.51, Epoch Time: 712.94 s
INFO:root:Epoch 1/5, Batch 1210, Train Loss: 0.43, Epoch Time: 719.00 s
INFO:root:Epoch 1/5, Batch 1220, Train Loss: 0.48, Epoch Time: 724.86 s
INFO:root:Epoch 1/5, Batch 1230, Train Loss: 0.39, Epoch Time: 730.70 s
INFO:root:Epoch 1/5, Batch 1240, Train Loss: 0.42, Epoch Time: 736.65 s
INFO:root:Epoch 1/5, Batch 1250, Train Loss: 0.47, Epoch Time: 742.50 s
INFO:root:Epoch 1/5, Batch 1260, Train Loss: 0.48, Epoch Time: 748.32 s
INFO:root:Epoch 1/5, Batch 1270, Train Loss: 0.30, Epoch Time: 754.08 s
INFO:root:Epoch 1/5, Batch 1280, Train Loss: 0.61, Epoch Time: 759.95 s
INFO:root:Epoch 1/5, Batch 1290, Train Loss: 0.48, Epoch Time: 765.86 s
INFO:root:Epoch 1/5, Batch 1300, Train Loss: 0.36, Epoch Time: 771.86 s
INFO:root:Epoch 1/5, Batch 1310, Train Loss: 0.35, Epoch Time: 777.80 s
INFO:root:Epoch 1/5, Batch 1320, Train Loss: 0.46, Epoch Time: 783.60 s
INFO:root:Epoch 1/5, Batch 1330, Train Loss: 0.77, Epoch Time: 789.57 s
INFO:root:Epoch 1/5, Batch 1340, Train Loss: 0.35, Epoch Time: 795.50 s
INFO:root:Epoch 1/5, Batch 1350, Train Loss: 0.68, Epoch Time: 801.56 s
INFO:root:Epoch 1/5, Batch 1360, Train Loss: 0.36, Epoch Time: 807.58 s
INFO:root:Epoch 1/5, Batch 1370, Train Loss: 0.87, Epoch Time: 813.59 s
INFO:root:Epoch 1/5, Batch 1380, Train Loss: 0.77, Epoch Time: 819.43 s
INFO:root:Epoch 1/5, Batch 1390, Train Loss: 0.36, Epoch Time: 825.44 s
INFO:root:Epoch 1/5, Batch 1400, Train Loss: 0.41, Epoch Time: 831.42 s
INFO:root:Epoch 1/5, Batch 1410, Train Loss: 0.42, Epoch Time: 837.38 s
INFO:root:Epoch 1/5, Batch 1420, Train Loss: 0.66, Epoch Time: 843.31 s
INFO:root:Epoch 1/5, Batch 1430, Train Loss: 0.40, Epoch Time: 849.20 s
INFO:root:Epoch 1/5, Batch 1440, Train Loss: 0.58, Epoch Time: 855.07 s
INFO:root:Epoch 1/5, Batch 1450, Train Loss: 0.41, Epoch Time: 861.07 s
INFO:root:Epoch 1/5, Batch 1460, Train Loss: 0.32, Epoch Time: 867.02 s
INFO:root:Epoch 1/5, Batch 1470, Train Loss: 1.09, Epoch Time: 872.91 s
INFO:root:Epoch 1/5, Batch 1480, Train Loss: 0.46, Epoch Time: 878.89 s
INFO:root:Epoch 1, Validating...
INFO:root:Batch 0, validation loss: 0.94, Mean IoU: 29.55%, Test time: 882.96 s
INFO:root:Batch 10, validation loss: 0.91, Mean IoU: 23.57%, Test time: 887.48 s
INFO:root:Batch 20, validation loss: 0.87, Mean IoU: 37.22%, Test time: 892.12 s
INFO:root:Batch 30, validation loss: 0.67, Mean IoU: 28.41%, Test time: 896.38 s
INFO:root:Batch 40, validation loss: 0.54, Mean IoU: 38.57%, Test time: 900.68 s
INFO:root:Batch 50, validation loss: 0.49, Mean IoU: 36.60%, Test time: 904.97 s
INFO:root:Batch 60, validation loss: 0.57, Mean IoU: 34.79%, Test time: 909.21 s
INFO:root:Batch 70, validation loss: 0.67, Mean IoU: 31.03%, Test time: 913.52 s
INFO:root:Batch 80, validation loss: 0.44, Mean IoU: 42.98%, Test time: 917.80 s
INFO:root:Batch 90, validation loss: 0.55, Mean IoU: 40.96%, Test time: 922.11 s
INFO:root:Batch 100, validation loss: 0.66, Mean IoU: 39.56%, Test time: 926.38 s
INFO:root:Batch 110, validation loss: 0.80, Mean IoU: 30.69%, Test time: 930.59 s
INFO:root:Batch 120, validation loss: 0.94, Mean IoU: 42.62%, Test time: 934.85 s
INFO:root:Batch 130, validation loss: 0.46, Mean IoU: 38.74%, Test time: 939.09 s
INFO:root:Batch 140, validation loss: 0.57, Mean IoU: 45.72%, Test time: 943.40 s
INFO:root:Batch 150, validation loss: 0.30, Mean IoU: 35.83%, Test time: 947.67 s
INFO:root:Batch 160, validation loss: 0.54, Mean IoU: 36.20%, Test time: 952.06 s
INFO:root:Batch 170, validation loss: 0.54, Mean IoU: 37.66%, Test time: 956.34 s
INFO:root:Batch 180, validation loss: 0.43, Mean IoU: 42.69%, Test time: 960.58 s
INFO:root:Batch 190, validation loss: 0.44, Mean IoU: 47.26%, Test time: 964.83 s
INFO:root:Batch 200, validation loss: 0.38, Mean IoU: 40.96%, Test time: 969.09 s
INFO:root:Batch 210, validation loss: 0.34, Mean IoU: 54.77%, Test time: 973.36 s
INFO:root:Batch 220, validation loss: 0.30, Mean IoU: 47.09%, Test time: 977.57 s
INFO:root:Batch 230, validation loss: 0.36, Mean IoU: 42.30%, Test time: 981.84 s
INFO:root:Batch 240, validation loss: 0.30, Mean IoU: 38.49%, Test time: 986.09 s
INFO:root:Epoch 1, Training Loss: 0.5773341318626249, Validation Loss: 0.498386115193367, accuracy: 83.50%, mIOU: 38.41%, Epoch Duration: 989.9376831054688 s
INFO:root:Current best val loss: Epoch 1
INFO:root:Epoch 2, Training...
INFO:root:Epoch 2/5, Batch 0, Train Loss: 0.55, Epoch Time: 0.57 s
INFO:root:Epoch 2/5, Batch 10, Train Loss: 0.53, Epoch Time: 6.18 s
INFO:root:Epoch 2/5, Batch 20, Train Loss: 0.50, Epoch Time: 11.78 s
INFO:root:Epoch 2/5, Batch 30, Train Loss: 0.70, Epoch Time: 17.37 s
INFO:root:Epoch 2/5, Batch 40, Train Loss: 0.34, Epoch Time: 23.05 s
INFO:root:Epoch 2/5, Batch 50, Train Loss: 0.32, Epoch Time: 28.68 s
INFO:root:Epoch 2/5, Batch 60, Train Loss: 0.35, Epoch Time: 34.30 s
INFO:root:Epoch 2/5, Batch 70, Train Loss: 0.38, Epoch Time: 39.93 s
INFO:root:Epoch 2/5, Batch 80, Train Loss: 0.37, Epoch Time: 45.53 s
INFO:root:Epoch 2/5, Batch 90, Train Loss: 0.82, Epoch Time: 51.16 s
INFO:root:Epoch 2/5, Batch 100, Train Loss: 0.46, Epoch Time: 56.75 s
INFO:root:Epoch 2/5, Batch 110, Train Loss: 0.45, Epoch Time: 62.35 s
INFO:root:Epoch 2/5, Batch 120, Train Loss: 0.41, Epoch Time: 67.92 s
INFO:root:Epoch 2/5, Batch 130, Train Loss: 0.42, Epoch Time: 73.55 s
INFO:root:Epoch 2/5, Batch 140, Train Loss: 0.36, Epoch Time: 79.19 s
INFO:root:Epoch 2/5, Batch 150, Train Loss: 0.34, Epoch Time: 84.83 s
INFO:root:Epoch 2/5, Batch 160, Train Loss: 0.79, Epoch Time: 90.42 s
INFO:root:Epoch 2/5, Batch 170, Train Loss: 0.45, Epoch Time: 96.05 s
INFO:root:Epoch 2/5, Batch 180, Train Loss: 0.35, Epoch Time: 101.68 s
INFO:root:Epoch 2/5, Batch 190, Train Loss: 0.36, Epoch Time: 107.32 s
INFO:root:Epoch 2/5, Batch 200, Train Loss: 0.34, Epoch Time: 112.96 s
INFO:root:Epoch 2/5, Batch 210, Train Loss: 0.60, Epoch Time: 118.60 s
INFO:root:Epoch 2/5, Batch 220, Train Loss: 0.51, Epoch Time: 124.21 s
INFO:root:Epoch 2/5, Batch 230, Train Loss: 0.41, Epoch Time: 129.83 s
INFO:root:Epoch 2/5, Batch 240, Train Loss: 0.59, Epoch Time: 135.48 s
INFO:root:Epoch 2/5, Batch 250, Train Loss: 0.37, Epoch Time: 141.16 s
INFO:root:Epoch 2/5, Batch 260, Train Loss: 0.44, Epoch Time: 146.77 s
INFO:root:Epoch 2/5, Batch 270, Train Loss: 0.51, Epoch Time: 152.38 s
INFO:root:Epoch 2/5, Batch 280, Train Loss: 0.69, Epoch Time: 158.00 s
INFO:root:Epoch 2/5, Batch 290, Train Loss: 0.51, Epoch Time: 163.63 s
INFO:root:Epoch 2/5, Batch 300, Train Loss: 0.44, Epoch Time: 169.23 s
INFO:root:Epoch 2/5, Batch 310, Train Loss: 0.68, Epoch Time: 174.86 s
INFO:root:Epoch 2/5, Batch 320, Train Loss: 0.39, Epoch Time: 180.48 s
INFO:root:Epoch 2/5, Batch 330, Train Loss: 0.33, Epoch Time: 186.11 s
INFO:root:Epoch 2/5, Batch 340, Train Loss: 0.38, Epoch Time: 191.72 s
INFO:root:Epoch 2/5, Batch 350, Train Loss: 0.53, Epoch Time: 197.36 s
INFO:root:Epoch 2/5, Batch 360, Train Loss: 0.33, Epoch Time: 203.08 s
INFO:root:Epoch 2/5, Batch 370, Train Loss: 0.40, Epoch Time: 208.69 s
INFO:root:Epoch 2/5, Batch 380, Train Loss: 0.31, Epoch Time: 214.30 s
INFO:root:Epoch 2/5, Batch 390, Train Loss: 0.29, Epoch Time: 219.89 s
INFO:root:Epoch 2/5, Batch 400, Train Loss: 0.43, Epoch Time: 225.55 s
INFO:root:Epoch 2/5, Batch 410, Train Loss: 0.32, Epoch Time: 231.14 s
INFO:root:Epoch 2/5, Batch 420, Train Loss: 0.47, Epoch Time: 236.74 s
INFO:root:Epoch 2/5, Batch 430, Train Loss: 0.32, Epoch Time: 242.34 s
INFO:root:Epoch 2/5, Batch 440, Train Loss: 0.55, Epoch Time: 248.25 s
INFO:root:Epoch 2/5, Batch 450, Train Loss: 0.30, Epoch Time: 253.90 s
INFO:root:Epoch 2/5, Batch 460, Train Loss: 0.83, Epoch Time: 259.61 s
INFO:root:Epoch 2/5, Batch 470, Train Loss: 0.29, Epoch Time: 265.26 s
INFO:root:Epoch 2/5, Batch 480, Train Loss: 0.47, Epoch Time: 270.85 s
INFO:root:Epoch 2/5, Batch 490, Train Loss: 0.31, Epoch Time: 276.45 s
INFO:root:Epoch 2/5, Batch 500, Train Loss: 0.59, Epoch Time: 282.04 s
INFO:root:Epoch 2/5, Batch 510, Train Loss: 0.42, Epoch Time: 287.67 s
INFO:root:Epoch 2/5, Batch 520, Train Loss: 0.32, Epoch Time: 293.29 s
INFO:root:Epoch 2/5, Batch 530, Train Loss: 0.38, Epoch Time: 298.90 s
INFO:root:Epoch 2/5, Batch 540, Train Loss: 0.48, Epoch Time: 304.47 s
INFO:root:Epoch 2/5, Batch 550, Train Loss: 0.32, Epoch Time: 310.08 s
INFO:root:Epoch 2/5, Batch 560, Train Loss: 0.55, Epoch Time: 315.69 s
INFO:root:Epoch 2/5, Batch 570, Train Loss: 0.39, Epoch Time: 321.41 s
INFO:root:Epoch 2/5, Batch 580, Train Loss: 0.40, Epoch Time: 327.01 s
INFO:root:Epoch 2/5, Batch 590, Train Loss: 0.77, Epoch Time: 332.63 s
INFO:root:Epoch 2/5, Batch 600, Train Loss: 0.33, Epoch Time: 338.27 s
INFO:root:Epoch 2/5, Batch 610, Train Loss: 0.44, Epoch Time: 343.90 s
INFO:root:Epoch 2/5, Batch 620, Train Loss: 0.97, Epoch Time: 349.51 s
INFO:root:Epoch 2/5, Batch 630, Train Loss: 0.28, Epoch Time: 355.11 s
INFO:root:Epoch 2/5, Batch 640, Train Loss: 0.30, Epoch Time: 360.73 s
INFO:root:Epoch 2/5, Batch 650, Train Loss: 0.65, Epoch Time: 366.38 s
INFO:root:Epoch 2/5, Batch 660, Train Loss: 0.32, Epoch Time: 371.99 s
INFO:root:Epoch 2/5, Batch 670, Train Loss: 0.54, Epoch Time: 377.66 s
INFO:root:Epoch 2/5, Batch 680, Train Loss: 0.57, Epoch Time: 383.27 s
INFO:root:Epoch 2/5, Batch 690, Train Loss: 0.80, Epoch Time: 388.85 s
INFO:root:Epoch 2/5, Batch 700, Train Loss: 0.41, Epoch Time: 394.47 s
INFO:root:Epoch 2/5, Batch 710, Train Loss: 0.29, Epoch Time: 400.06 s
INFO:root:Epoch 2/5, Batch 720, Train Loss: 0.45, Epoch Time: 405.67 s
INFO:root:Epoch 2/5, Batch 730, Train Loss: 0.29, Epoch Time: 411.27 s
INFO:root:Epoch 2/5, Batch 740, Train Loss: 0.31, Epoch Time: 416.88 s
INFO:root:Epoch 2/5, Batch 750, Train Loss: 0.38, Epoch Time: 422.49 s
INFO:root:Epoch 2/5, Batch 760, Train Loss: 0.85, Epoch Time: 428.10 s
INFO:root:Epoch 2/5, Batch 770, Train Loss: 0.46, Epoch Time: 433.73 s
INFO:root:Epoch 2/5, Batch 780, Train Loss: 0.36, Epoch Time: 439.42 s
INFO:root:Epoch 2/5, Batch 790, Train Loss: 0.33, Epoch Time: 445.10 s
INFO:root:Epoch 2/5, Batch 800, Train Loss: 0.31, Epoch Time: 450.70 s
INFO:root:Epoch 2/5, Batch 810, Train Loss: 0.68, Epoch Time: 456.33 s
INFO:root:Epoch 2/5, Batch 820, Train Loss: 0.43, Epoch Time: 461.93 s
INFO:root:Epoch 2/5, Batch 830, Train Loss: 0.60, Epoch Time: 467.57 s
INFO:root:Epoch 2/5, Batch 840, Train Loss: 0.43, Epoch Time: 473.21 s
INFO:root:Epoch 2/5, Batch 850, Train Loss: 0.59, Epoch Time: 478.78 s
INFO:root:Epoch 2/5, Batch 860, Train Loss: 0.49, Epoch Time: 484.38 s
INFO:root:Epoch 2/5, Batch 870, Train Loss: 0.69, Epoch Time: 490.00 s
INFO:root:Epoch 2/5, Batch 880, Train Loss: 0.47, Epoch Time: 495.68 s
INFO:root:Epoch 2/5, Batch 890, Train Loss: 0.43, Epoch Time: 501.36 s
INFO:root:Epoch 2/5, Batch 900, Train Loss: 0.38, Epoch Time: 506.92 s
INFO:root:Epoch 2/5, Batch 910, Train Loss: 0.55, Epoch Time: 512.57 s
INFO:root:Epoch 2/5, Batch 920, Train Loss: 0.83, Epoch Time: 518.17 s
INFO:root:Epoch 2/5, Batch 930, Train Loss: 0.43, Epoch Time: 523.81 s
INFO:root:Epoch 2/5, Batch 940, Train Loss: 0.24, Epoch Time: 529.46 s
INFO:root:Epoch 2/5, Batch 950, Train Loss: 0.41, Epoch Time: 535.10 s
INFO:root:Epoch 2/5, Batch 960, Train Loss: 0.41, Epoch Time: 540.70 s
INFO:root:Epoch 2/5, Batch 970, Train Loss: 0.53, Epoch Time: 546.33 s
INFO:root:Epoch 2/5, Batch 980, Train Loss: 0.44, Epoch Time: 551.96 s
INFO:root:Epoch 2/5, Batch 990, Train Loss: 0.52, Epoch Time: 557.61 s
INFO:root:Epoch 2/5, Batch 1000, Train Loss: 0.24, Epoch Time: 563.30 s
INFO:root:Epoch 2/5, Batch 1010, Train Loss: 0.41, Epoch Time: 568.91 s
INFO:root:Epoch 2/5, Batch 1020, Train Loss: 0.26, Epoch Time: 574.54 s
INFO:root:Epoch 2/5, Batch 1030, Train Loss: 0.30, Epoch Time: 580.17 s
INFO:root:Epoch 2/5, Batch 1040, Train Loss: 0.46, Epoch Time: 585.81 s
INFO:root:Epoch 2/5, Batch 1050, Train Loss: 0.32, Epoch Time: 591.43 s
INFO:root:Epoch 2/5, Batch 1060, Train Loss: 0.62, Epoch Time: 597.05 s
INFO:root:Epoch 2/5, Batch 1070, Train Loss: 0.31, Epoch Time: 602.73 s
INFO:root:Epoch 2/5, Batch 1080, Train Loss: 0.27, Epoch Time: 608.38 s
INFO:root:Epoch 2/5, Batch 1090, Train Loss: 0.43, Epoch Time: 613.95 s
INFO:root:Epoch 2/5, Batch 1100, Train Loss: 0.44, Epoch Time: 619.60 s
INFO:root:Epoch 2/5, Batch 1110, Train Loss: 0.46, Epoch Time: 625.27 s
INFO:root:Epoch 2/5, Batch 1120, Train Loss: 0.28, Epoch Time: 630.91 s
INFO:root:Epoch 2/5, Batch 1130, Train Loss: 0.48, Epoch Time: 636.56 s
INFO:root:Epoch 2/5, Batch 1140, Train Loss: 0.31, Epoch Time: 642.14 s
INFO:root:Epoch 2/5, Batch 1150, Train Loss: 0.40, Epoch Time: 647.79 s
INFO:root:Epoch 2/5, Batch 1160, Train Loss: 0.44, Epoch Time: 653.43 s
INFO:root:Epoch 2/5, Batch 1170, Train Loss: 0.37, Epoch Time: 659.07 s
INFO:root:Epoch 2/5, Batch 1180, Train Loss: 0.50, Epoch Time: 664.69 s
INFO:root:Epoch 2/5, Batch 1190, Train Loss: 0.39, Epoch Time: 670.32 s
INFO:root:Epoch 2/5, Batch 1200, Train Loss: 0.45, Epoch Time: 675.90 s
INFO:root:Epoch 2/5, Batch 1210, Train Loss: 0.31, Epoch Time: 681.60 s
INFO:root:Epoch 2/5, Batch 1220, Train Loss: 0.41, Epoch Time: 687.28 s
INFO:root:Epoch 2/5, Batch 1230, Train Loss: 0.64, Epoch Time: 692.92 s
INFO:root:Epoch 2/5, Batch 1240, Train Loss: 0.40, Epoch Time: 698.58 s
INFO:root:Epoch 2/5, Batch 1250, Train Loss: 0.35, Epoch Time: 704.23 s
INFO:root:Epoch 2/5, Batch 1260, Train Loss: 0.36, Epoch Time: 710.02 s
INFO:root:Epoch 2/5, Batch 1270, Train Loss: 0.32, Epoch Time: 715.65 s
INFO:root:Epoch 2/5, Batch 1280, Train Loss: 0.41, Epoch Time: 721.26 s
INFO:root:Epoch 2/5, Batch 1290, Train Loss: 0.50, Epoch Time: 726.92 s
INFO:root:Epoch 2/5, Batch 1300, Train Loss: 0.47, Epoch Time: 732.57 s
INFO:root:Epoch 2/5, Batch 1310, Train Loss: 0.37, Epoch Time: 738.25 s
INFO:root:Epoch 2/5, Batch 1320, Train Loss: 0.56, Epoch Time: 743.99 s
INFO:root:Epoch 2/5, Batch 1330, Train Loss: 0.61, Epoch Time: 749.62 s
INFO:root:Epoch 2/5, Batch 1340, Train Loss: 0.29, Epoch Time: 755.28 s
INFO:root:Epoch 2/5, Batch 1350, Train Loss: 0.25, Epoch Time: 760.90 s
INFO:root:Epoch 2/5, Batch 1360, Train Loss: 0.30, Epoch Time: 766.54 s
INFO:root:Epoch 2/5, Batch 1370, Train Loss: 0.58, Epoch Time: 772.16 s
INFO:root:Epoch 2/5, Batch 1380, Train Loss: 0.56, Epoch Time: 777.81 s
INFO:root:Epoch 2/5, Batch 1390, Train Loss: 0.38, Epoch Time: 783.46 s
INFO:root:Epoch 2/5, Batch 1400, Train Loss: 0.31, Epoch Time: 789.12 s
INFO:root:Epoch 2/5, Batch 1410, Train Loss: 1.22, Epoch Time: 794.79 s
INFO:root:Epoch 2/5, Batch 1420, Train Loss: 0.54, Epoch Time: 800.55 s
INFO:root:Epoch 2/5, Batch 1430, Train Loss: 0.36, Epoch Time: 806.22 s
INFO:root:Epoch 2/5, Batch 1440, Train Loss: 0.42, Epoch Time: 811.89 s
INFO:root:Epoch 2/5, Batch 1450, Train Loss: 0.61, Epoch Time: 817.53 s
INFO:root:Epoch 2/5, Batch 1460, Train Loss: 0.44, Epoch Time: 823.18 s
INFO:root:Epoch 2/5, Batch 1470, Train Loss: 0.39, Epoch Time: 828.84 s
INFO:root:Epoch 2/5, Batch 1480, Train Loss: 0.32, Epoch Time: 834.50 s
INFO:root:Epoch 2, Validating...
INFO:root:Batch 0, validation loss: 0.96, Mean IoU: 32.02%, Test time: 838.29 s
INFO:root:Batch 10, validation loss: 0.86, Mean IoU: 25.72%, Test time: 842.61 s
INFO:root:Batch 20, validation loss: 0.81, Mean IoU: 41.11%, Test time: 846.97 s
INFO:root:Batch 30, validation loss: 0.59, Mean IoU: 34.19%, Test time: 851.29 s
INFO:root:Batch 40, validation loss: 0.44, Mean IoU: 39.89%, Test time: 855.66 s
INFO:root:Batch 50, validation loss: 0.38, Mean IoU: 44.07%, Test time: 860.11 s
INFO:root:Batch 60, validation loss: 0.45, Mean IoU: 39.11%, Test time: 864.43 s
INFO:root:Batch 70, validation loss: 0.58, Mean IoU: 35.75%, Test time: 868.77 s
INFO:root:Batch 80, validation loss: 0.40, Mean IoU: 42.82%, Test time: 873.12 s
INFO:root:Batch 90, validation loss: 0.51, Mean IoU: 46.56%, Test time: 877.47 s
INFO:root:Batch 100, validation loss: 0.61, Mean IoU: 41.50%, Test time: 881.80 s
INFO:root:Batch 110, validation loss: 0.73, Mean IoU: 35.51%, Test time: 886.14 s
INFO:root:Batch 120, validation loss: 0.73, Mean IoU: 44.03%, Test time: 890.50 s
INFO:root:Batch 130, validation loss: 0.35, Mean IoU: 41.50%, Test time: 894.90 s
INFO:root:Batch 140, validation loss: 0.49, Mean IoU: 47.30%, Test time: 899.22 s
INFO:root:Batch 150, validation loss: 0.27, Mean IoU: 43.53%, Test time: 903.56 s
INFO:root:Batch 160, validation loss: 0.49, Mean IoU: 37.75%, Test time: 907.90 s
INFO:root:Batch 170, validation loss: 0.52, Mean IoU: 36.52%, Test time: 912.19 s
INFO:root:Batch 180, validation loss: 0.35, Mean IoU: 46.24%, Test time: 916.54 s
INFO:root:Batch 190, validation loss: 0.38, Mean IoU: 50.62%, Test time: 920.97 s
INFO:root:Batch 200, validation loss: 0.32, Mean IoU: 43.83%, Test time: 925.25 s
INFO:root:Batch 210, validation loss: 0.27, Mean IoU: 52.50%, Test time: 929.57 s
INFO:root:Batch 220, validation loss: 0.24, Mean IoU: 50.96%, Test time: 933.85 s
INFO:root:Batch 230, validation loss: 0.27, Mean IoU: 46.48%, Test time: 938.14 s
INFO:root:Batch 240, validation loss: 0.26, Mean IoU: 41.92%, Test time: 942.46 s
INFO:root:Epoch 2, Training Loss: 0.4597136956898254, Validation Loss: 0.43754779452085496, accuracy: 85.20%, mIOU: 41.57%, Epoch Duration: 946.3731279373169 s
INFO:root:Current best val loss: Epoch 2
INFO:root:Epoch 3, Training...
INFO:root:Epoch 3/5, Batch 0, Train Loss: 0.63, Epoch Time: 0.56 s
INFO:root:Epoch 3/5, Batch 10, Train Loss: 0.50, Epoch Time: 6.23 s
INFO:root:Epoch 3/5, Batch 20, Train Loss: 0.44, Epoch Time: 11.91 s
INFO:root:Epoch 3/5, Batch 30, Train Loss: 0.43, Epoch Time: 17.60 s
INFO:root:Epoch 3/5, Batch 40, Train Loss: 0.52, Epoch Time: 23.27 s
INFO:root:Epoch 3/5, Batch 50, Train Loss: 0.37, Epoch Time: 28.89 s
INFO:root:Epoch 3/5, Batch 60, Train Loss: 0.51, Epoch Time: 34.64 s
INFO:root:Epoch 3/5, Batch 70, Train Loss: 0.35, Epoch Time: 40.33 s
INFO:root:Epoch 3/5, Batch 80, Train Loss: 1.09, Epoch Time: 46.01 s
INFO:root:Epoch 3/5, Batch 90, Train Loss: 0.31, Epoch Time: 51.69 s
INFO:root:Epoch 3/5, Batch 100, Train Loss: 0.54, Epoch Time: 57.37 s
INFO:root:Epoch 3/5, Batch 110, Train Loss: 0.56, Epoch Time: 63.01 s
INFO:root:Epoch 3/5, Batch 120, Train Loss: 0.32, Epoch Time: 68.65 s
INFO:root:Epoch 3/5, Batch 130, Train Loss: 0.38, Epoch Time: 74.31 s
INFO:root:Epoch 3/5, Batch 140, Train Loss: 0.42, Epoch Time: 79.97 s
INFO:root:Epoch 3/5, Batch 150, Train Loss: 0.46, Epoch Time: 85.63 s
INFO:root:Epoch 3/5, Batch 160, Train Loss: 0.60, Epoch Time: 91.38 s
INFO:root:Epoch 3/5, Batch 170, Train Loss: 0.57, Epoch Time: 97.15 s
INFO:root:Epoch 3/5, Batch 180, Train Loss: 0.83, Epoch Time: 102.82 s
INFO:root:Epoch 3/5, Batch 190, Train Loss: 0.34, Epoch Time: 108.43 s
INFO:root:Epoch 3/5, Batch 200, Train Loss: 0.39, Epoch Time: 114.10 s
INFO:root:Epoch 3/5, Batch 210, Train Loss: 0.43, Epoch Time: 119.77 s
INFO:root:Epoch 3/5, Batch 220, Train Loss: 0.64, Epoch Time: 125.42 s
INFO:root:Epoch 3/5, Batch 230, Train Loss: 0.75, Epoch Time: 131.10 s
INFO:root:Epoch 3/5, Batch 240, Train Loss: 0.55, Epoch Time: 136.73 s
INFO:root:Epoch 3/5, Batch 250, Train Loss: 0.56, Epoch Time: 142.43 s
INFO:root:Epoch 3/5, Batch 260, Train Loss: 0.49, Epoch Time: 148.09 s
INFO:root:Epoch 3/5, Batch 270, Train Loss: 0.40, Epoch Time: 153.93 s
INFO:root:Epoch 3/5, Batch 280, Train Loss: 0.28, Epoch Time: 159.63 s
INFO:root:Epoch 3/5, Batch 290, Train Loss: 0.28, Epoch Time: 165.38 s
INFO:root:Epoch 3/5, Batch 300, Train Loss: 0.59, Epoch Time: 171.07 s
INFO:root:Epoch 3/5, Batch 310, Train Loss: 0.39, Epoch Time: 176.79 s
INFO:root:Epoch 3/5, Batch 320, Train Loss: 0.54, Epoch Time: 182.45 s
INFO:root:Epoch 3/5, Batch 330, Train Loss: 0.42, Epoch Time: 188.11 s
INFO:root:Epoch 3/5, Batch 340, Train Loss: 0.40, Epoch Time: 193.78 s
INFO:root:Epoch 3/5, Batch 350, Train Loss: 0.31, Epoch Time: 199.43 s
INFO:root:Epoch 3/5, Batch 360, Train Loss: 0.76, Epoch Time: 205.15 s
INFO:root:Epoch 3/5, Batch 370, Train Loss: 0.41, Epoch Time: 210.83 s
INFO:root:Epoch 3/5, Batch 380, Train Loss: 0.33, Epoch Time: 216.55 s
INFO:root:Epoch 3/5, Batch 390, Train Loss: 0.67, Epoch Time: 222.23 s
INFO:root:Epoch 3/5, Batch 400, Train Loss: 0.39, Epoch Time: 227.90 s
INFO:root:Epoch 3/5, Batch 410, Train Loss: 0.59, Epoch Time: 233.63 s
INFO:root:Epoch 3/5, Batch 420, Train Loss: 0.73, Epoch Time: 239.33 s
INFO:root:Epoch 3/5, Batch 430, Train Loss: 0.42, Epoch Time: 244.98 s
INFO:root:Epoch 3/5, Batch 440, Train Loss: 0.36, Epoch Time: 250.69 s
INFO:root:Epoch 3/5, Batch 450, Train Loss: 0.33, Epoch Time: 256.34 s
INFO:root:Epoch 3/5, Batch 460, Train Loss: 0.32, Epoch Time: 261.99 s
INFO:root:Epoch 3/5, Batch 470, Train Loss: 0.30, Epoch Time: 267.67 s
INFO:root:Epoch 3/5, Batch 480, Train Loss: 0.46, Epoch Time: 273.44 s
INFO:root:Epoch 3/5, Batch 490, Train Loss: 0.36, Epoch Time: 279.13 s
INFO:root:Epoch 3/5, Batch 500, Train Loss: 0.38, Epoch Time: 284.82 s
INFO:root:Epoch 3/5, Batch 510, Train Loss: 0.29, Epoch Time: 290.50 s
INFO:root:Epoch 3/5, Batch 520, Train Loss: 0.49, Epoch Time: 296.19 s
INFO:root:Epoch 3/5, Batch 530, Train Loss: 0.31, Epoch Time: 301.88 s
INFO:root:Epoch 3/5, Batch 540, Train Loss: 0.27, Epoch Time: 307.59 s
INFO:root:Epoch 3/5, Batch 550, Train Loss: 0.28, Epoch Time: 313.27 s
INFO:root:Epoch 3/5, Batch 560, Train Loss: 0.51, Epoch Time: 318.98 s
INFO:root:Epoch 3/5, Batch 570, Train Loss: 0.49, Epoch Time: 324.70 s
INFO:root:Epoch 3/5, Batch 580, Train Loss: 0.87, Epoch Time: 330.43 s
INFO:root:Epoch 3/5, Batch 590, Train Loss: 0.42, Epoch Time: 336.21 s
INFO:root:Epoch 3/5, Batch 600, Train Loss: 0.45, Epoch Time: 341.90 s
INFO:root:Epoch 3/5, Batch 610, Train Loss: 0.61, Epoch Time: 347.58 s
INFO:root:Epoch 3/5, Batch 620, Train Loss: 0.43, Epoch Time: 353.28 s
INFO:root:Epoch 3/5, Batch 630, Train Loss: 0.74, Epoch Time: 358.96 s
INFO:root:Epoch 3/5, Batch 640, Train Loss: 0.42, Epoch Time: 364.59 s
INFO:root:Epoch 3/5, Batch 650, Train Loss: 0.31, Epoch Time: 370.31 s
INFO:root:Epoch 3/5, Batch 660, Train Loss: 0.31, Epoch Time: 375.99 s
INFO:root:Epoch 3/5, Batch 670, Train Loss: 0.34, Epoch Time: 381.71 s
INFO:root:Epoch 3/5, Batch 680, Train Loss: 0.40, Epoch Time: 387.41 s
INFO:root:Epoch 3/5, Batch 690, Train Loss: 0.31, Epoch Time: 393.12 s
INFO:root:Epoch 3/5, Batch 700, Train Loss: 0.50, Epoch Time: 398.81 s
INFO:root:Epoch 3/5, Batch 710, Train Loss: 0.62, Epoch Time: 404.50 s
INFO:root:Epoch 3/5, Batch 720, Train Loss: 0.27, Epoch Time: 410.20 s
INFO:root:Epoch 3/5, Batch 730, Train Loss: 0.43, Epoch Time: 415.86 s
INFO:root:Epoch 3/5, Batch 740, Train Loss: 0.32, Epoch Time: 421.52 s
INFO:root:Epoch 3/5, Batch 750, Train Loss: 0.61, Epoch Time: 427.24 s
INFO:root:Epoch 3/5, Batch 760, Train Loss: 0.43, Epoch Time: 432.91 s
INFO:root:Epoch 3/5, Batch 770, Train Loss: 0.60, Epoch Time: 438.55 s
INFO:root:Epoch 3/5, Batch 780, Train Loss: 0.56, Epoch Time: 444.23 s
INFO:root:Epoch 3/5, Batch 790, Train Loss: 0.50, Epoch Time: 449.89 s
INFO:root:Epoch 3/5, Batch 800, Train Loss: 0.89, Epoch Time: 455.66 s
INFO:root:Epoch 3/5, Batch 810, Train Loss: 0.52, Epoch Time: 461.33 s
INFO:root:Epoch 3/5, Batch 820, Train Loss: 0.45, Epoch Time: 467.00 s
INFO:root:Epoch 3/5, Batch 830, Train Loss: 0.21, Epoch Time: 472.68 s
INFO:root:Epoch 3/5, Batch 840, Train Loss: 0.57, Epoch Time: 478.35 s
INFO:root:Epoch 3/5, Batch 850, Train Loss: 0.36, Epoch Time: 484.04 s
INFO:root:Epoch 3/5, Batch 860, Train Loss: 0.41, Epoch Time: 489.71 s
INFO:root:Epoch 3/5, Batch 870, Train Loss: 0.32, Epoch Time: 495.41 s
INFO:root:Epoch 3/5, Batch 880, Train Loss: 0.38, Epoch Time: 501.08 s
INFO:root:Epoch 3/5, Batch 890, Train Loss: 0.28, Epoch Time: 506.75 s
INFO:root:Epoch 3/5, Batch 900, Train Loss: 0.38, Epoch Time: 512.47 s
INFO:root:Epoch 3/5, Batch 910, Train Loss: 0.32, Epoch Time: 518.20 s
INFO:root:Epoch 3/5, Batch 920, Train Loss: 0.34, Epoch Time: 523.82 s
INFO:root:Epoch 3/5, Batch 930, Train Loss: 0.36, Epoch Time: 529.47 s
INFO:root:Epoch 3/5, Batch 940, Train Loss: 0.33, Epoch Time: 535.16 s
INFO:root:Epoch 3/5, Batch 950, Train Loss: 0.36, Epoch Time: 540.81 s
INFO:root:Epoch 3/5, Batch 960, Train Loss: 0.27, Epoch Time: 546.48 s
INFO:root:Epoch 3/5, Batch 970, Train Loss: 0.48, Epoch Time: 552.18 s
INFO:root:Epoch 3/5, Batch 980, Train Loss: 0.45, Epoch Time: 557.89 s
INFO:root:Epoch 3/5, Batch 990, Train Loss: 0.48, Epoch Time: 563.57 s
INFO:root:Epoch 3/5, Batch 1000, Train Loss: 0.38, Epoch Time: 569.25 s
INFO:root:Epoch 3/5, Batch 1010, Train Loss: 0.34, Epoch Time: 575.04 s
INFO:root:Epoch 3/5, Batch 1020, Train Loss: 0.32, Epoch Time: 580.75 s
INFO:root:Epoch 3/5, Batch 1030, Train Loss: 0.40, Epoch Time: 586.45 s
INFO:root:Epoch 3/5, Batch 1040, Train Loss: 0.36, Epoch Time: 592.20 s
INFO:root:Epoch 3/5, Batch 1050, Train Loss: 0.24, Epoch Time: 597.90 s
INFO:root:Epoch 3/5, Batch 1060, Train Loss: 0.39, Epoch Time: 603.58 s
INFO:root:Epoch 3/5, Batch 1070, Train Loss: 0.20, Epoch Time: 609.22 s
INFO:root:Epoch 3/5, Batch 1080, Train Loss: 0.39, Epoch Time: 614.89 s
INFO:root:Epoch 3/5, Batch 1090, Train Loss: 0.49, Epoch Time: 620.59 s
INFO:root:Epoch 3/5, Batch 1100, Train Loss: 0.37, Epoch Time: 626.27 s
INFO:root:Epoch 3/5, Batch 1110, Train Loss: 1.04, Epoch Time: 631.97 s
INFO:root:Epoch 3/5, Batch 1120, Train Loss: 0.52, Epoch Time: 637.77 s
INFO:root:Epoch 3/5, Batch 1130, Train Loss: 0.33, Epoch Time: 643.41 s
INFO:root:Epoch 3/5, Batch 1140, Train Loss: 0.27, Epoch Time: 649.07 s
INFO:root:Epoch 3/5, Batch 1150, Train Loss: 0.31, Epoch Time: 654.69 s
INFO:root:Epoch 3/5, Batch 1160, Train Loss: 0.52, Epoch Time: 660.35 s
INFO:root:Epoch 3/5, Batch 1170, Train Loss: 0.37, Epoch Time: 666.04 s
INFO:root:Epoch 3/5, Batch 1180, Train Loss: 0.43, Epoch Time: 671.74 s
INFO:root:Epoch 3/5, Batch 1190, Train Loss: 0.71, Epoch Time: 677.43 s
INFO:root:Epoch 3/5, Batch 1200, Train Loss: 0.74, Epoch Time: 683.11 s
INFO:root:Epoch 3/5, Batch 1210, Train Loss: 0.36, Epoch Time: 688.75 s
INFO:root:Epoch 3/5, Batch 1220, Train Loss: 0.44, Epoch Time: 694.67 s
INFO:root:Epoch 3/5, Batch 1230, Train Loss: 0.40, Epoch Time: 700.33 s
INFO:root:Epoch 3/5, Batch 1240, Train Loss: 0.54, Epoch Time: 706.00 s
INFO:root:Epoch 3/5, Batch 1250, Train Loss: 0.37, Epoch Time: 711.69 s
INFO:root:Epoch 3/5, Batch 1260, Train Loss: 0.43, Epoch Time: 717.34 s
INFO:root:Epoch 3/5, Batch 1270, Train Loss: 0.46, Epoch Time: 723.02 s
INFO:root:Epoch 3/5, Batch 1280, Train Loss: 0.41, Epoch Time: 728.70 s
INFO:root:Epoch 3/5, Batch 1290, Train Loss: 0.38, Epoch Time: 734.42 s
INFO:root:Epoch 3/5, Batch 1300, Train Loss: 0.39, Epoch Time: 740.15 s
INFO:root:Epoch 3/5, Batch 1310, Train Loss: 0.26, Epoch Time: 745.83 s
INFO:root:Epoch 3/5, Batch 1320, Train Loss: 0.30, Epoch Time: 751.53 s
INFO:root:Epoch 3/5, Batch 1330, Train Loss: 0.56, Epoch Time: 757.30 s
INFO:root:Epoch 3/5, Batch 1340, Train Loss: 0.31, Epoch Time: 763.01 s
INFO:root:Epoch 3/5, Batch 1350, Train Loss: 0.34, Epoch Time: 768.72 s
INFO:root:Epoch 3/5, Batch 1360, Train Loss: 0.40, Epoch Time: 774.42 s
INFO:root:Epoch 3/5, Batch 1370, Train Loss: 0.69, Epoch Time: 780.11 s
INFO:root:Epoch 3/5, Batch 1380, Train Loss: 0.41, Epoch Time: 785.82 s
INFO:root:Epoch 3/5, Batch 1390, Train Loss: 0.38, Epoch Time: 791.47 s
INFO:root:Epoch 3/5, Batch 1400, Train Loss: 0.49, Epoch Time: 797.16 s
INFO:root:Epoch 3/5, Batch 1410, Train Loss: 0.31, Epoch Time: 802.86 s
INFO:root:Epoch 3/5, Batch 1420, Train Loss: 0.56, Epoch Time: 808.56 s
INFO:root:Epoch 3/5, Batch 1430, Train Loss: 0.33, Epoch Time: 814.38 s
INFO:root:Epoch 3/5, Batch 1440, Train Loss: 0.26, Epoch Time: 820.06 s
INFO:root:Epoch 3/5, Batch 1450, Train Loss: 0.43, Epoch Time: 825.73 s
INFO:root:Epoch 3/5, Batch 1460, Train Loss: 0.35, Epoch Time: 831.40 s
INFO:root:Epoch 3/5, Batch 1470, Train Loss: 0.38, Epoch Time: 837.06 s
INFO:root:Epoch 3/5, Batch 1480, Train Loss: 0.47, Epoch Time: 842.77 s
INFO:root:Epoch 3, Validating...
INFO:root:Batch 0, validation loss: 1.20, Mean IoU: 33.00%, Test time: 846.57 s
INFO:root:Batch 10, validation loss: 1.09, Mean IoU: 29.46%, Test time: 850.89 s
INFO:root:Batch 20, validation loss: 0.93, Mean IoU: 37.39%, Test time: 855.22 s
INFO:root:Batch 30, validation loss: 0.57, Mean IoU: 32.27%, Test time: 859.58 s
INFO:root:Batch 40, validation loss: 0.44, Mean IoU: 41.95%, Test time: 863.99 s
INFO:root:Batch 50, validation loss: 0.38, Mean IoU: 38.75%, Test time: 868.36 s
INFO:root:Batch 60, validation loss: 0.44, Mean IoU: 39.92%, Test time: 872.77 s
INFO:root:Batch 70, validation loss: 0.55, Mean IoU: 34.01%, Test time: 877.19 s
INFO:root:Batch 80, validation loss: 0.38, Mean IoU: 45.40%, Test time: 881.57 s
INFO:root:Batch 90, validation loss: 0.48, Mean IoU: 47.74%, Test time: 885.97 s
INFO:root:Batch 100, validation loss: 0.58, Mean IoU: 41.59%, Test time: 890.28 s
INFO:root:Batch 110, validation loss: 0.63, Mean IoU: 34.02%, Test time: 894.61 s
INFO:root:Batch 120, validation loss: 0.89, Mean IoU: 45.71%, Test time: 898.97 s
INFO:root:Batch 130, validation loss: 0.32, Mean IoU: 47.48%, Test time: 903.35 s
INFO:root:Batch 140, validation loss: 0.49, Mean IoU: 48.42%, Test time: 907.68 s
INFO:root:Batch 150, validation loss: 0.25, Mean IoU: 52.79%, Test time: 912.02 s
INFO:root:Batch 160, validation loss: 0.50, Mean IoU: 41.21%, Test time: 916.41 s
INFO:root:Batch 170, validation loss: 0.47, Mean IoU: 39.58%, Test time: 920.73 s
INFO:root:Batch 180, validation loss: 0.32, Mean IoU: 52.52%, Test time: 925.06 s
INFO:root:Batch 190, validation loss: 0.30, Mean IoU: 54.16%, Test time: 929.37 s
INFO:root:Batch 200, validation loss: 0.29, Mean IoU: 45.59%, Test time: 933.86 s
INFO:root:Batch 210, validation loss: 0.28, Mean IoU: 54.82%, Test time: 938.23 s
INFO:root:Batch 220, validation loss: 0.26, Mean IoU: 48.12%, Test time: 942.52 s
INFO:root:Batch 230, validation loss: 0.29, Mean IoU: 45.91%, Test time: 946.85 s
INFO:root:Batch 240, validation loss: 0.24, Mean IoU: 41.86%, Test time: 951.16 s
INFO:root:Epoch 3, Training Loss: 0.4237344120782578, Validation Loss: 0.43270424628257753, accuracy: 85.36%, mIOU: 42.36%, Epoch Duration: 955.1108932495117 s
INFO:root:Current best val loss: Epoch 3
INFO:root:Epoch 4, Training...
INFO:root:Epoch 4/5, Batch 0, Train Loss: 0.38, Epoch Time: 0.56 s
INFO:root:Epoch 4/5, Batch 10, Train Loss: 0.45, Epoch Time: 6.25 s
INFO:root:Epoch 4/5, Batch 20, Train Loss: 0.47, Epoch Time: 11.96 s
INFO:root:Epoch 4/5, Batch 30, Train Loss: 0.48, Epoch Time: 17.61 s
INFO:root:Epoch 4/5, Batch 40, Train Loss: 0.31, Epoch Time: 23.29 s
INFO:root:Epoch 4/5, Batch 50, Train Loss: 0.40, Epoch Time: 28.97 s
INFO:root:Epoch 4/5, Batch 60, Train Loss: 0.31, Epoch Time: 34.65 s
INFO:root:Epoch 4/5, Batch 70, Train Loss: 0.28, Epoch Time: 40.53 s
INFO:root:Epoch 4/5, Batch 80, Train Loss: 0.45, Epoch Time: 46.22 s
INFO:root:Epoch 4/5, Batch 90, Train Loss: 0.41, Epoch Time: 51.93 s
INFO:root:Epoch 4/5, Batch 100, Train Loss: 0.37, Epoch Time: 57.62 s
INFO:root:Epoch 4/5, Batch 110, Train Loss: 0.38, Epoch Time: 63.30 s
INFO:root:Epoch 4/5, Batch 120, Train Loss: 0.41, Epoch Time: 68.99 s
INFO:root:Epoch 4/5, Batch 130, Train Loss: 0.52, Epoch Time: 74.70 s
INFO:root:Epoch 4/5, Batch 140, Train Loss: 0.31, Epoch Time: 80.37 s
INFO:root:Epoch 4/5, Batch 150, Train Loss: 0.24, Epoch Time: 86.02 s
INFO:root:Epoch 4/5, Batch 160, Train Loss: 0.35, Epoch Time: 91.72 s
INFO:root:Epoch 4/5, Batch 170, Train Loss: 0.41, Epoch Time: 97.47 s
INFO:root:Epoch 4/5, Batch 180, Train Loss: 0.42, Epoch Time: 103.20 s
INFO:root:Epoch 4/5, Batch 190, Train Loss: 0.35, Epoch Time: 108.91 s
INFO:root:Epoch 4/5, Batch 200, Train Loss: 0.31, Epoch Time: 114.63 s
INFO:root:Epoch 4/5, Batch 210, Train Loss: 0.55, Epoch Time: 120.33 s
INFO:root:Epoch 4/5, Batch 220, Train Loss: 0.28, Epoch Time: 126.03 s
INFO:root:Epoch 4/5, Batch 230, Train Loss: 0.59, Epoch Time: 131.72 s
INFO:root:Epoch 4/5, Batch 240, Train Loss: 0.47, Epoch Time: 137.35 s
INFO:root:Epoch 4/5, Batch 250, Train Loss: 0.36, Epoch Time: 143.21 s
INFO:root:Epoch 4/5, Batch 260, Train Loss: 0.37, Epoch Time: 149.11 s
INFO:root:Epoch 4/5, Batch 270, Train Loss: 0.49, Epoch Time: 154.79 s
INFO:root:Epoch 4/5, Batch 280, Train Loss: 0.37, Epoch Time: 160.58 s
INFO:root:Epoch 4/5, Batch 290, Train Loss: 0.39, Epoch Time: 166.25 s
INFO:root:Epoch 4/5, Batch 300, Train Loss: 0.37, Epoch Time: 171.94 s
INFO:root:Epoch 4/5, Batch 310, Train Loss: 0.39, Epoch Time: 177.65 s
INFO:root:Epoch 4/5, Batch 320, Train Loss: 0.47, Epoch Time: 183.33 s
INFO:root:Epoch 4/5, Batch 330, Train Loss: 0.33, Epoch Time: 189.02 s
INFO:root:Epoch 4/5, Batch 340, Train Loss: 0.32, Epoch Time: 194.72 s
INFO:root:Epoch 4/5, Batch 350, Train Loss: 0.79, Epoch Time: 200.41 s
INFO:root:Epoch 4/5, Batch 360, Train Loss: 0.22, Epoch Time: 206.07 s
INFO:root:Epoch 4/5, Batch 370, Train Loss: 0.26, Epoch Time: 211.67 s
INFO:root:Epoch 4/5, Batch 380, Train Loss: 0.35, Epoch Time: 217.41 s
INFO:root:Epoch 4/5, Batch 390, Train Loss: 0.30, Epoch Time: 223.13 s
INFO:root:Epoch 4/5, Batch 400, Train Loss: 0.28, Epoch Time: 228.83 s
INFO:root:Epoch 4/5, Batch 410, Train Loss: 0.34, Epoch Time: 234.53 s
INFO:root:Epoch 4/5, Batch 420, Train Loss: 0.50, Epoch Time: 240.21 s
INFO:root:Epoch 4/5, Batch 430, Train Loss: 0.56, Epoch Time: 245.88 s
INFO:root:Epoch 4/5, Batch 440, Train Loss: 0.32, Epoch Time: 251.58 s
INFO:root:Epoch 4/5, Batch 450, Train Loss: 0.43, Epoch Time: 257.27 s
INFO:root:Epoch 4/5, Batch 460, Train Loss: 0.47, Epoch Time: 262.98 s
INFO:root:Epoch 4/5, Batch 470, Train Loss: 0.23, Epoch Time: 268.66 s
INFO:root:Epoch 4/5, Batch 480, Train Loss: 0.29, Epoch Time: 274.41 s
INFO:root:Epoch 4/5, Batch 490, Train Loss: 0.32, Epoch Time: 280.17 s
INFO:root:Epoch 4/5, Batch 500, Train Loss: 0.31, Epoch Time: 285.83 s
INFO:root:Epoch 4/5, Batch 510, Train Loss: 0.29, Epoch Time: 291.54 s
INFO:root:Epoch 4/5, Batch 520, Train Loss: 0.72, Epoch Time: 297.19 s
INFO:root:Epoch 4/5, Batch 530, Train Loss: 0.23, Epoch Time: 302.91 s
INFO:root:Epoch 4/5, Batch 540, Train Loss: 0.27, Epoch Time: 308.61 s
INFO:root:Epoch 4/5, Batch 550, Train Loss: 0.35, Epoch Time: 314.35 s
INFO:root:Epoch 4/5, Batch 560, Train Loss: 0.40, Epoch Time: 320.04 s
INFO:root:Epoch 4/5, Batch 570, Train Loss: 0.38, Epoch Time: 325.72 s
INFO:root:Epoch 4/5, Batch 580, Train Loss: 0.33, Epoch Time: 331.39 s
INFO:root:Epoch 4/5, Batch 590, Train Loss: 0.45, Epoch Time: 337.12 s
INFO:root:Epoch 4/5, Batch 600, Train Loss: 0.36, Epoch Time: 342.84 s
INFO:root:Epoch 4/5, Batch 610, Train Loss: 0.37, Epoch Time: 348.52 s
INFO:root:Epoch 4/5, Batch 620, Train Loss: 0.47, Epoch Time: 354.25 s
INFO:root:Epoch 4/5, Batch 630, Train Loss: 0.47, Epoch Time: 359.92 s
INFO:root:Epoch 4/5, Batch 640, Train Loss: 0.33, Epoch Time: 365.62 s
INFO:root:Epoch 4/5, Batch 650, Train Loss: 0.30, Epoch Time: 371.32 s
INFO:root:Epoch 4/5, Batch 660, Train Loss: 0.46, Epoch Time: 377.00 s
INFO:root:Epoch 4/5, Batch 670, Train Loss: 0.23, Epoch Time: 382.66 s
INFO:root:Epoch 4/5, Batch 680, Train Loss: 0.27, Epoch Time: 388.34 s
INFO:root:Epoch 4/5, Batch 690, Train Loss: 0.39, Epoch Time: 393.99 s
INFO:root:Epoch 4/5, Batch 700, Train Loss: 0.42, Epoch Time: 399.70 s
INFO:root:Epoch 4/5, Batch 710, Train Loss: 0.36, Epoch Time: 405.40 s
INFO:root:Epoch 4/5, Batch 720, Train Loss: 0.18, Epoch Time: 411.07 s
INFO:root:Epoch 4/5, Batch 730, Train Loss: 0.32, Epoch Time: 416.71 s
INFO:root:Epoch 4/5, Batch 740, Train Loss: 0.24, Epoch Time: 422.40 s
INFO:root:Epoch 4/5, Batch 750, Train Loss: 0.24, Epoch Time: 428.13 s
INFO:root:Epoch 4/5, Batch 760, Train Loss: 0.51, Epoch Time: 433.83 s
INFO:root:Epoch 4/5, Batch 770, Train Loss: 0.49, Epoch Time: 439.56 s
INFO:root:Epoch 4/5, Batch 780, Train Loss: 0.45, Epoch Time: 445.23 s
INFO:root:Epoch 4/5, Batch 790, Train Loss: 0.36, Epoch Time: 450.89 s
INFO:root:Epoch 4/5, Batch 800, Train Loss: 0.27, Epoch Time: 456.60 s
INFO:root:Epoch 4/5, Batch 810, Train Loss: 0.33, Epoch Time: 462.39 s
INFO:root:Epoch 4/5, Batch 820, Train Loss: 0.33, Epoch Time: 468.09 s
INFO:root:Epoch 4/5, Batch 830, Train Loss: 0.27, Epoch Time: 473.78 s
INFO:root:Epoch 4/5, Batch 840, Train Loss: 0.38, Epoch Time: 479.47 s
INFO:root:Epoch 4/5, Batch 850, Train Loss: 0.32, Epoch Time: 485.15 s
INFO:root:Epoch 4/5, Batch 860, Train Loss: 0.43, Epoch Time: 490.82 s
INFO:root:Epoch 4/5, Batch 870, Train Loss: 0.56, Epoch Time: 496.55 s
INFO:root:Epoch 4/5, Batch 880, Train Loss: 0.45, Epoch Time: 502.26 s
INFO:root:Epoch 4/5, Batch 890, Train Loss: 0.36, Epoch Time: 507.95 s
INFO:root:Epoch 4/5, Batch 900, Train Loss: 0.38, Epoch Time: 513.64 s
INFO:root:Epoch 4/5, Batch 910, Train Loss: 0.30, Epoch Time: 519.45 s
INFO:root:Epoch 4/5, Batch 920, Train Loss: 0.30, Epoch Time: 525.16 s
INFO:root:Epoch 4/5, Batch 930, Train Loss: 0.64, Epoch Time: 530.88 s
INFO:root:Epoch 4/5, Batch 940, Train Loss: 0.33, Epoch Time: 536.58 s
INFO:root:Epoch 4/5, Batch 950, Train Loss: 0.32, Epoch Time: 542.21 s
INFO:root:Epoch 4/5, Batch 960, Train Loss: 0.53, Epoch Time: 547.89 s
INFO:root:Epoch 4/5, Batch 970, Train Loss: 0.45, Epoch Time: 553.57 s
INFO:root:Epoch 4/5, Batch 980, Train Loss: 0.43, Epoch Time: 559.27 s
INFO:root:Epoch 4/5, Batch 990, Train Loss: 0.34, Epoch Time: 564.93 s
INFO:root:Epoch 4/5, Batch 1000, Train Loss: 0.50, Epoch Time: 570.63 s
INFO:root:Epoch 4/5, Batch 1010, Train Loss: 0.55, Epoch Time: 576.34 s
INFO:root:Epoch 4/5, Batch 1020, Train Loss: 0.35, Epoch Time: 582.07 s
INFO:root:Epoch 4/5, Batch 1030, Train Loss: 0.54, Epoch Time: 587.73 s
INFO:root:Epoch 4/5, Batch 1040, Train Loss: 1.02, Epoch Time: 593.43 s
INFO:root:Epoch 4/5, Batch 1050, Train Loss: 0.44, Epoch Time: 599.12 s
INFO:root:Epoch 4/5, Batch 1060, Train Loss: 0.27, Epoch Time: 604.86 s
INFO:root:Epoch 4/5, Batch 1070, Train Loss: 0.54, Epoch Time: 610.58 s
INFO:root:Epoch 4/5, Batch 1080, Train Loss: 0.53, Epoch Time: 616.27 s
INFO:root:Epoch 4/5, Batch 1090, Train Loss: 0.33, Epoch Time: 621.90 s
INFO:root:Epoch 4/5, Batch 1100, Train Loss: 0.21, Epoch Time: 627.55 s
INFO:root:Epoch 4/5, Batch 1110, Train Loss: 0.31, Epoch Time: 633.21 s
INFO:root:Epoch 4/5, Batch 1120, Train Loss: 0.26, Epoch Time: 638.97 s
INFO:root:Epoch 4/5, Batch 1130, Train Loss: 0.36, Epoch Time: 644.75 s
INFO:root:Epoch 4/5, Batch 1140, Train Loss: 0.30, Epoch Time: 650.43 s
INFO:root:Epoch 4/5, Batch 1150, Train Loss: 0.52, Epoch Time: 656.13 s
INFO:root:Epoch 4/5, Batch 1160, Train Loss: 0.23, Epoch Time: 661.82 s
INFO:root:Epoch 4/5, Batch 1170, Train Loss: 0.35, Epoch Time: 667.41 s
INFO:root:Epoch 4/5, Batch 1180, Train Loss: 0.44, Epoch Time: 673.15 s
INFO:root:Epoch 4/5, Batch 1190, Train Loss: 0.51, Epoch Time: 678.82 s
INFO:root:Epoch 4/5, Batch 1200, Train Loss: 0.30, Epoch Time: 684.50 s
INFO:root:Epoch 4/5, Batch 1210, Train Loss: 0.44, Epoch Time: 690.12 s
INFO:root:Epoch 4/5, Batch 1220, Train Loss: 0.26, Epoch Time: 695.79 s
INFO:root:Epoch 4/5, Batch 1230, Train Loss: 0.37, Epoch Time: 701.59 s
INFO:root:Epoch 4/5, Batch 1240, Train Loss: 0.64, Epoch Time: 707.31 s
INFO:root:Epoch 4/5, Batch 1250, Train Loss: 0.31, Epoch Time: 712.99 s
INFO:root:Epoch 4/5, Batch 1260, Train Loss: 0.36, Epoch Time: 718.68 s
INFO:root:Epoch 4/5, Batch 1270, Train Loss: 0.20, Epoch Time: 724.38 s
INFO:root:Epoch 4/5, Batch 1280, Train Loss: 0.41, Epoch Time: 730.02 s
INFO:root:Epoch 4/5, Batch 1290, Train Loss: 0.43, Epoch Time: 735.69 s
INFO:root:Epoch 4/5, Batch 1300, Train Loss: 0.22, Epoch Time: 741.36 s
INFO:root:Epoch 4/5, Batch 1310, Train Loss: 0.30, Epoch Time: 747.04 s
INFO:root:Epoch 4/5, Batch 1320, Train Loss: 0.28, Epoch Time: 752.71 s
INFO:root:Epoch 4/5, Batch 1330, Train Loss: 0.29, Epoch Time: 758.47 s
INFO:root:Epoch 4/5, Batch 1340, Train Loss: 0.36, Epoch Time: 764.13 s
INFO:root:Epoch 4/5, Batch 1350, Train Loss: 0.21, Epoch Time: 769.76 s
INFO:root:Epoch 4/5, Batch 1360, Train Loss: 0.44, Epoch Time: 775.46 s
INFO:root:Epoch 4/5, Batch 1370, Train Loss: 0.44, Epoch Time: 781.12 s
INFO:root:Epoch 4/5, Batch 1380, Train Loss: 0.48, Epoch Time: 786.79 s
INFO:root:Epoch 4/5, Batch 1390, Train Loss: 0.39, Epoch Time: 792.49 s
INFO:root:Epoch 4/5, Batch 1400, Train Loss: 0.32, Epoch Time: 798.18 s
INFO:root:Epoch 4/5, Batch 1410, Train Loss: 0.42, Epoch Time: 803.85 s
INFO:root:Epoch 4/5, Batch 1420, Train Loss: 0.61, Epoch Time: 809.53 s
INFO:root:Epoch 4/5, Batch 1430, Train Loss: 0.33, Epoch Time: 815.25 s
INFO:root:Epoch 4/5, Batch 1440, Train Loss: 0.35, Epoch Time: 820.96 s
INFO:root:Epoch 4/5, Batch 1450, Train Loss: 0.39, Epoch Time: 826.63 s
INFO:root:Epoch 4/5, Batch 1460, Train Loss: 0.33, Epoch Time: 832.30 s
INFO:root:Epoch 4/5, Batch 1470, Train Loss: 0.30, Epoch Time: 837.95 s
INFO:root:Epoch 4/5, Batch 1480, Train Loss: 0.41, Epoch Time: 843.58 s
INFO:root:Epoch 4, Validating...
INFO:root:Batch 0, validation loss: 0.76, Mean IoU: 37.58%, Test time: 847.41 s
INFO:root:Batch 10, validation loss: 0.76, Mean IoU: 26.91%, Test time: 851.75 s
INFO:root:Batch 20, validation loss: 0.69, Mean IoU: 40.48%, Test time: 856.07 s
INFO:root:Batch 30, validation loss: 0.54, Mean IoU: 32.69%, Test time: 860.46 s
INFO:root:Batch 40, validation loss: 0.44, Mean IoU: 43.84%, Test time: 864.79 s
INFO:root:Batch 50, validation loss: 0.39, Mean IoU: 43.35%, Test time: 869.15 s
INFO:root:Batch 60, validation loss: 0.48, Mean IoU: 38.37%, Test time: 873.44 s
INFO:root:Batch 70, validation loss: 0.60, Mean IoU: 33.10%, Test time: 877.89 s
INFO:root:Batch 80, validation loss: 0.38, Mean IoU: 46.09%, Test time: 882.29 s
INFO:root:Batch 90, validation loss: 0.48, Mean IoU: 47.42%, Test time: 886.65 s
INFO:root:Batch 100, validation loss: 0.54, Mean IoU: 38.49%, Test time: 890.98 s
INFO:root:Batch 110, validation loss: 0.66, Mean IoU: 32.78%, Test time: 895.33 s
INFO:root:Batch 120, validation loss: 0.81, Mean IoU: 47.38%, Test time: 899.67 s
INFO:root:Batch 130, validation loss: 0.32, Mean IoU: 45.90%, Test time: 904.05 s
INFO:root:Batch 140, validation loss: 0.52, Mean IoU: 46.09%, Test time: 908.39 s
INFO:root:Batch 150, validation loss: 0.24, Mean IoU: 50.33%, Test time: 912.74 s
INFO:root:Batch 160, validation loss: 0.48, Mean IoU: 42.56%, Test time: 917.08 s
INFO:root:Batch 170, validation loss: 0.58, Mean IoU: 37.13%, Test time: 921.43 s
INFO:root:Batch 180, validation loss: 0.32, Mean IoU: 53.21%, Test time: 925.76 s
INFO:root:Batch 190, validation loss: 0.30, Mean IoU: 59.60%, Test time: 930.07 s
INFO:root:Batch 200, validation loss: 0.29, Mean IoU: 45.03%, Test time: 934.38 s
INFO:root:Batch 210, validation loss: 0.29, Mean IoU: 52.34%, Test time: 938.78 s
INFO:root:Batch 220, validation loss: 0.23, Mean IoU: 50.07%, Test time: 943.11 s
INFO:root:Batch 230, validation loss: 0.24, Mean IoU: 47.97%, Test time: 947.43 s
INFO:root:Batch 240, validation loss: 0.23, Mean IoU: 40.52%, Test time: 951.74 s
INFO:root:Epoch 4, Training Loss: 0.39774236089043274, Validation Loss: 0.4160735527873039, accuracy: 85.80%, mIOU: 42.66%, Epoch Duration: 955.65562915802 s
INFO:root:Current best val loss: Epoch 4
INFO:root:Epoch 5, Training...
INFO:root:Epoch 5/5, Batch 0, Train Loss: 0.32, Epoch Time: 0.55 s
INFO:root:Epoch 5/5, Batch 10, Train Loss: 0.58, Epoch Time: 6.25 s
INFO:root:Epoch 5/5, Batch 20, Train Loss: 0.33, Epoch Time: 11.87 s
INFO:root:Epoch 5/5, Batch 30, Train Loss: 0.39, Epoch Time: 17.53 s
INFO:root:Epoch 5/5, Batch 40, Train Loss: 0.43, Epoch Time: 23.26 s
INFO:root:Epoch 5/5, Batch 50, Train Loss: 0.30, Epoch Time: 28.95 s
INFO:root:Epoch 5/5, Batch 60, Train Loss: 0.45, Epoch Time: 34.61 s
INFO:root:Epoch 5/5, Batch 70, Train Loss: 0.32, Epoch Time: 40.34 s
INFO:root:Epoch 5/5, Batch 80, Train Loss: 0.51, Epoch Time: 46.03 s
INFO:root:Epoch 5/5, Batch 90, Train Loss: 0.29, Epoch Time: 51.68 s
INFO:root:Epoch 5/5, Batch 100, Train Loss: 0.29, Epoch Time: 57.35 s
INFO:root:Epoch 5/5, Batch 110, Train Loss: 0.31, Epoch Time: 63.08 s
INFO:root:Epoch 5/5, Batch 120, Train Loss: 0.38, Epoch Time: 68.76 s
INFO:root:Epoch 5/5, Batch 130, Train Loss: 0.28, Epoch Time: 74.38 s
INFO:root:Epoch 5/5, Batch 140, Train Loss: 0.28, Epoch Time: 80.06 s
INFO:root:Epoch 5/5, Batch 150, Train Loss: 0.32, Epoch Time: 85.77 s
INFO:root:Epoch 5/5, Batch 160, Train Loss: 0.35, Epoch Time: 91.45 s
INFO:root:Epoch 5/5, Batch 170, Train Loss: 0.34, Epoch Time: 97.15 s
INFO:root:Epoch 5/5, Batch 180, Train Loss: 0.27, Epoch Time: 102.85 s
INFO:root:Epoch 5/5, Batch 190, Train Loss: 0.26, Epoch Time: 108.54 s
INFO:root:Epoch 5/5, Batch 200, Train Loss: 0.21, Epoch Time: 114.19 s
INFO:root:Epoch 5/5, Batch 210, Train Loss: 0.44, Epoch Time: 119.89 s
INFO:root:Epoch 5/5, Batch 220, Train Loss: 0.43, Epoch Time: 125.58 s
INFO:root:Epoch 5/5, Batch 230, Train Loss: 0.30, Epoch Time: 131.24 s
INFO:root:Epoch 5/5, Batch 240, Train Loss: 0.40, Epoch Time: 136.87 s
INFO:root:Epoch 5/5, Batch 250, Train Loss: 0.33, Epoch Time: 142.50 s
INFO:root:Epoch 5/5, Batch 260, Train Loss: 0.32, Epoch Time: 148.18 s
INFO:root:Epoch 5/5, Batch 270, Train Loss: 0.27, Epoch Time: 153.86 s
INFO:root:Epoch 5/5, Batch 280, Train Loss: 0.49, Epoch Time: 159.65 s
INFO:root:Epoch 5/5, Batch 290, Train Loss: 0.34, Epoch Time: 165.40 s
INFO:root:Epoch 5/5, Batch 300, Train Loss: 0.31, Epoch Time: 171.12 s
INFO:root:Epoch 5/5, Batch 310, Train Loss: 0.34, Epoch Time: 176.84 s
INFO:root:Epoch 5/5, Batch 320, Train Loss: 0.38, Epoch Time: 182.52 s
INFO:root:Epoch 5/5, Batch 330, Train Loss: 0.29, Epoch Time: 188.19 s
INFO:root:Epoch 5/5, Batch 340, Train Loss: 0.41, Epoch Time: 193.85 s
INFO:root:Epoch 5/5, Batch 350, Train Loss: 0.31, Epoch Time: 199.54 s
INFO:root:Epoch 5/5, Batch 360, Train Loss: 0.48, Epoch Time: 205.20 s
INFO:root:Epoch 5/5, Batch 370, Train Loss: 0.38, Epoch Time: 210.91 s
INFO:root:Epoch 5/5, Batch 380, Train Loss: 0.39, Epoch Time: 216.61 s
INFO:root:Epoch 5/5, Batch 390, Train Loss: 0.35, Epoch Time: 222.34 s
INFO:root:Epoch 5/5, Batch 400, Train Loss: 0.35, Epoch Time: 228.06 s
INFO:root:Epoch 5/5, Batch 410, Train Loss: 0.43, Epoch Time: 233.74 s
INFO:root:Epoch 5/5, Batch 420, Train Loss: 0.24, Epoch Time: 239.41 s
INFO:root:Epoch 5/5, Batch 430, Train Loss: 0.31, Epoch Time: 245.05 s
INFO:root:Epoch 5/5, Batch 440, Train Loss: 0.35, Epoch Time: 250.70 s
INFO:root:Epoch 5/5, Batch 450, Train Loss: 0.20, Epoch Time: 256.33 s
INFO:root:Epoch 5/5, Batch 460, Train Loss: 0.34, Epoch Time: 261.96 s
INFO:root:Epoch 5/5, Batch 470, Train Loss: 0.26, Epoch Time: 267.63 s
INFO:root:Epoch 5/5, Batch 480, Train Loss: 0.37, Epoch Time: 273.29 s
INFO:root:Epoch 5/5, Batch 490, Train Loss: 0.26, Epoch Time: 278.94 s
INFO:root:Epoch 5/5, Batch 500, Train Loss: 0.35, Epoch Time: 284.74 s
INFO:root:Epoch 5/5, Batch 510, Train Loss: 0.33, Epoch Time: 290.48 s
INFO:root:Epoch 5/5, Batch 520, Train Loss: 0.34, Epoch Time: 296.18 s
INFO:root:Epoch 5/5, Batch 530, Train Loss: 0.40, Epoch Time: 301.92 s
INFO:root:Epoch 5/5, Batch 540, Train Loss: 0.40, Epoch Time: 307.66 s
INFO:root:Epoch 5/5, Batch 550, Train Loss: 0.31, Epoch Time: 313.35 s
INFO:root:Epoch 5/5, Batch 560, Train Loss: 0.35, Epoch Time: 318.97 s
INFO:root:Epoch 5/5, Batch 570, Train Loss: 0.44, Epoch Time: 324.62 s
INFO:root:Epoch 5/5, Batch 580, Train Loss: 0.35, Epoch Time: 330.26 s
INFO:root:Epoch 5/5, Batch 590, Train Loss: 0.40, Epoch Time: 336.02 s
INFO:root:Epoch 5/5, Batch 600, Train Loss: 0.32, Epoch Time: 341.84 s
INFO:root:Epoch 5/5, Batch 610, Train Loss: 0.21, Epoch Time: 347.56 s
INFO:root:Epoch 5/5, Batch 620, Train Loss: 0.32, Epoch Time: 353.27 s
INFO:root:Epoch 5/5, Batch 630, Train Loss: 0.44, Epoch Time: 358.94 s
INFO:root:Epoch 5/5, Batch 640, Train Loss: 0.22, Epoch Time: 364.61 s
INFO:root:Epoch 5/5, Batch 650, Train Loss: 0.35, Epoch Time: 370.32 s
INFO:root:Epoch 5/5, Batch 660, Train Loss: 0.34, Epoch Time: 376.01 s
INFO:root:Epoch 5/5, Batch 670, Train Loss: 0.29, Epoch Time: 381.70 s
INFO:root:Epoch 5/5, Batch 680, Train Loss: 0.28, Epoch Time: 387.37 s
INFO:root:Epoch 5/5, Batch 690, Train Loss: 0.34, Epoch Time: 393.04 s
INFO:root:Epoch 5/5, Batch 700, Train Loss: 0.24, Epoch Time: 398.71 s
INFO:root:Epoch 5/5, Batch 710, Train Loss: 0.29, Epoch Time: 404.48 s
INFO:root:Epoch 5/5, Batch 720, Train Loss: 0.41, Epoch Time: 410.12 s
INFO:root:Epoch 5/5, Batch 730, Train Loss: 0.35, Epoch Time: 415.72 s
INFO:root:Epoch 5/5, Batch 740, Train Loss: 0.37, Epoch Time: 421.41 s
INFO:root:Epoch 5/5, Batch 750, Train Loss: 0.21, Epoch Time: 427.10 s
INFO:root:Epoch 5/5, Batch 760, Train Loss: 0.36, Epoch Time: 432.79 s
INFO:root:Epoch 5/5, Batch 770, Train Loss: 0.39, Epoch Time: 438.49 s
INFO:root:Epoch 5/5, Batch 780, Train Loss: 0.31, Epoch Time: 444.17 s
INFO:root:Epoch 5/5, Batch 790, Train Loss: 0.22, Epoch Time: 449.82 s
INFO:root:Epoch 5/5, Batch 800, Train Loss: 0.40, Epoch Time: 455.54 s
INFO:root:Epoch 5/5, Batch 810, Train Loss: 1.04, Epoch Time: 461.36 s
INFO:root:Epoch 5/5, Batch 820, Train Loss: 0.49, Epoch Time: 467.03 s
INFO:root:Epoch 5/5, Batch 830, Train Loss: 0.42, Epoch Time: 472.75 s
INFO:root:Epoch 5/5, Batch 840, Train Loss: 0.41, Epoch Time: 478.39 s
INFO:root:Epoch 5/5, Batch 850, Train Loss: 0.39, Epoch Time: 484.06 s
INFO:root:Epoch 5/5, Batch 860, Train Loss: 0.48, Epoch Time: 489.73 s
INFO:root:Epoch 5/5, Batch 870, Train Loss: 0.39, Epoch Time: 495.40 s
INFO:root:Epoch 5/5, Batch 880, Train Loss: 0.36, Epoch Time: 501.10 s
INFO:root:Epoch 5/5, Batch 890, Train Loss: 0.33, Epoch Time: 506.79 s
INFO:root:Epoch 5/5, Batch 900, Train Loss: 0.31, Epoch Time: 512.45 s
INFO:root:Epoch 5/5, Batch 910, Train Loss: 0.36, Epoch Time: 518.14 s
INFO:root:Epoch 5/5, Batch 920, Train Loss: 0.43, Epoch Time: 523.87 s
INFO:root:Epoch 5/5, Batch 930, Train Loss: 0.38, Epoch Time: 529.58 s
INFO:root:Epoch 5/5, Batch 940, Train Loss: 0.47, Epoch Time: 535.28 s
INFO:root:Epoch 5/5, Batch 950, Train Loss: 0.59, Epoch Time: 540.98 s
INFO:root:Epoch 5/5, Batch 960, Train Loss: 0.44, Epoch Time: 546.64 s
INFO:root:Epoch 5/5, Batch 970, Train Loss: 0.34, Epoch Time: 552.36 s
INFO:root:Epoch 5/5, Batch 980, Train Loss: 0.35, Epoch Time: 558.06 s
INFO:root:Epoch 5/5, Batch 990, Train Loss: 0.34, Epoch Time: 563.75 s
INFO:root:Epoch 5/5, Batch 1000, Train Loss: 0.31, Epoch Time: 569.41 s
INFO:root:Epoch 5/5, Batch 1010, Train Loss: 0.29, Epoch Time: 575.09 s
INFO:root:Epoch 5/5, Batch 1020, Train Loss: 0.38, Epoch Time: 580.77 s
INFO:root:Epoch 5/5, Batch 1030, Train Loss: 0.44, Epoch Time: 586.50 s
INFO:root:Epoch 5/5, Batch 1040, Train Loss: 0.46, Epoch Time: 592.23 s
INFO:root:Epoch 5/5, Batch 1050, Train Loss: 0.56, Epoch Time: 597.92 s
INFO:root:Epoch 5/5, Batch 1060, Train Loss: 0.32, Epoch Time: 603.57 s
INFO:root:Epoch 5/5, Batch 1070, Train Loss: 0.47, Epoch Time: 609.26 s
INFO:root:Epoch 5/5, Batch 1080, Train Loss: 0.19, Epoch Time: 614.92 s
INFO:root:Epoch 5/5, Batch 1090, Train Loss: 0.29, Epoch Time: 620.65 s
INFO:root:Epoch 5/5, Batch 1100, Train Loss: 0.33, Epoch Time: 626.35 s
INFO:root:Epoch 5/5, Batch 1110, Train Loss: 0.40, Epoch Time: 632.04 s
INFO:root:Epoch 5/5, Batch 1120, Train Loss: 0.63, Epoch Time: 637.70 s
INFO:root:Epoch 5/5, Batch 1130, Train Loss: 0.26, Epoch Time: 643.53 s
INFO:root:Epoch 5/5, Batch 1140, Train Loss: 0.29, Epoch Time: 649.23 s
INFO:root:Epoch 5/5, Batch 1150, Train Loss: 0.32, Epoch Time: 654.92 s
INFO:root:Epoch 5/5, Batch 1160, Train Loss: 0.30, Epoch Time: 660.62 s
INFO:root:Epoch 5/5, Batch 1170, Train Loss: 0.24, Epoch Time: 666.30 s
INFO:root:Epoch 5/5, Batch 1180, Train Loss: 0.42, Epoch Time: 672.01 s
INFO:root:Epoch 5/5, Batch 1190, Train Loss: 0.40, Epoch Time: 677.72 s
INFO:root:Epoch 5/5, Batch 1200, Train Loss: 0.42, Epoch Time: 683.44 s
INFO:root:Epoch 5/5, Batch 1210, Train Loss: 0.58, Epoch Time: 689.14 s
INFO:root:Epoch 5/5, Batch 1220, Train Loss: 0.29, Epoch Time: 694.87 s
INFO:root:Epoch 5/5, Batch 1230, Train Loss: 0.43, Epoch Time: 700.60 s
INFO:root:Epoch 5/5, Batch 1240, Train Loss: 0.48, Epoch Time: 706.29 s
INFO:root:Epoch 5/5, Batch 1250, Train Loss: 0.28, Epoch Time: 711.97 s
INFO:root:Epoch 5/5, Batch 1260, Train Loss: 0.30, Epoch Time: 717.64 s
INFO:root:Epoch 5/5, Batch 1270, Train Loss: 0.41, Epoch Time: 723.35 s
INFO:root:Epoch 5/5, Batch 1280, Train Loss: 0.27, Epoch Time: 729.06 s
INFO:root:Epoch 5/5, Batch 1290, Train Loss: 0.48, Epoch Time: 734.69 s
INFO:root:Epoch 5/5, Batch 1300, Train Loss: 0.28, Epoch Time: 740.40 s
INFO:root:Epoch 5/5, Batch 1310, Train Loss: 0.42, Epoch Time: 746.12 s
INFO:root:Epoch 5/5, Batch 1320, Train Loss: 0.39, Epoch Time: 751.83 s
INFO:root:Epoch 5/5, Batch 1330, Train Loss: 0.29, Epoch Time: 757.54 s
INFO:root:Epoch 5/5, Batch 1340, Train Loss: 0.46, Epoch Time: 763.35 s
INFO:root:Epoch 5/5, Batch 1350, Train Loss: 0.36, Epoch Time: 769.04 s
INFO:root:Epoch 5/5, Batch 1360, Train Loss: 0.28, Epoch Time: 774.77 s
INFO:root:Epoch 5/5, Batch 1370, Train Loss: 0.46, Epoch Time: 780.50 s
INFO:root:Epoch 5/5, Batch 1380, Train Loss: 0.35, Epoch Time: 786.19 s
INFO:root:Epoch 5/5, Batch 1390, Train Loss: 0.37, Epoch Time: 791.86 s
INFO:root:Epoch 5/5, Batch 1400, Train Loss: 0.33, Epoch Time: 797.53 s
INFO:root:Epoch 5/5, Batch 1410, Train Loss: 0.29, Epoch Time: 803.25 s
INFO:root:Epoch 5/5, Batch 1420, Train Loss: 0.37, Epoch Time: 808.91 s
INFO:root:Epoch 5/5, Batch 1430, Train Loss: 0.32, Epoch Time: 814.64 s
INFO:root:Epoch 5/5, Batch 1440, Train Loss: 0.30, Epoch Time: 820.37 s
INFO:root:Epoch 5/5, Batch 1450, Train Loss: 0.48, Epoch Time: 826.13 s
INFO:root:Epoch 5/5, Batch 1460, Train Loss: 0.48, Epoch Time: 831.86 s
INFO:root:Epoch 5/5, Batch 1470, Train Loss: 0.36, Epoch Time: 837.56 s
INFO:root:Epoch 5/5, Batch 1480, Train Loss: 0.49, Epoch Time: 843.27 s
INFO:root:Epoch 5, Validating...
INFO:root:Batch 0, validation loss: 0.69, Mean IoU: 37.07%, Test time: 847.11 s
INFO:root:Batch 10, validation loss: 0.63, Mean IoU: 29.41%, Test time: 851.47 s
INFO:root:Batch 20, validation loss: 0.65, Mean IoU: 38.54%, Test time: 855.79 s
INFO:root:Batch 30, validation loss: 0.56, Mean IoU: 33.19%, Test time: 860.18 s
INFO:root:Batch 40, validation loss: 0.41, Mean IoU: 38.24%, Test time: 864.60 s
INFO:root:Batch 50, validation loss: 0.38, Mean IoU: 40.64%, Test time: 868.97 s
INFO:root:Batch 60, validation loss: 0.44, Mean IoU: 39.08%, Test time: 873.27 s
INFO:root:Batch 70, validation loss: 0.55, Mean IoU: 37.21%, Test time: 877.68 s
INFO:root:Batch 80, validation loss: 0.39, Mean IoU: 43.97%, Test time: 882.23 s
INFO:root:Batch 90, validation loss: 0.45, Mean IoU: 49.02%, Test time: 886.66 s
INFO:root:Batch 100, validation loss: 0.48, Mean IoU: 41.97%, Test time: 891.09 s
INFO:root:Batch 110, validation loss: 0.62, Mean IoU: 34.30%, Test time: 895.48 s
INFO:root:Batch 120, validation loss: 0.74, Mean IoU: 46.26%, Test time: 899.84 s
INFO:root:Batch 130, validation loss: 0.31, Mean IoU: 44.72%, Test time: 904.26 s
INFO:root:Batch 140, validation loss: 0.46, Mean IoU: 48.24%, Test time: 908.63 s
INFO:root:Batch 150, validation loss: 0.26, Mean IoU: 49.67%, Test time: 913.06 s
INFO:root:Batch 160, validation loss: 0.54, Mean IoU: 40.57%, Test time: 917.44 s
INFO:root:Batch 170, validation loss: 0.67, Mean IoU: 33.57%, Test time: 921.75 s
INFO:root:Batch 180, validation loss: 0.38, Mean IoU: 51.77%, Test time: 926.03 s
INFO:root:Batch 190, validation loss: 0.32, Mean IoU: 49.04%, Test time: 930.37 s
INFO:root:Batch 200, validation loss: 0.28, Mean IoU: 48.19%, Test time: 934.69 s
INFO:root:Batch 210, validation loss: 0.30, Mean IoU: 50.19%, Test time: 939.02 s
INFO:root:Batch 220, validation loss: 0.22, Mean IoU: 51.64%, Test time: 943.44 s
INFO:root:Batch 230, validation loss: 0.24, Mean IoU: 46.80%, Test time: 947.80 s
INFO:root:Batch 240, validation loss: 0.23, Mean IoU: 48.82%, Test time: 952.22 s
INFO:root:Epoch 5, Training Loss: 0.3764430865114298, Validation Loss: 0.40241201078891753, accuracy: 85.96%, mIOU: 42.90%, Epoch Duration: 956.1476845741272 s
INFO:root:Current best val loss: Epoch 5
WARNING:matplotlib.image:Clipping input data to the valid range for imshow with RGB data ([0..1] for floats or [0..255] for integers).
